0 info it worked if it ends with ok
1 verbose cli [ 'node', '/usr/local/bin/npm', 'run', 'deploy' ]
2 info using npm@2.1.11
3 info using node@v0.10.33
4 verbose run-script [ 'predeploy', 'deploy', 'postdeploy' ]
5 info predeploy kanzan.io@0.0.1
6 verbose unsafe-perm in lifecycle true
7 info deploy kanzan.io@0.0.1
8 verbose unsafe-perm in lifecycle true
9 info kanzan.io@0.0.1 Failed to exec deploy script
10 verbose stack Error: kanzan.io@0.0.1 deploy: `(cd .. && git subtree push --prefix coming-soon/dist origin gh-pages)`
10 verbose stack Exit status 1
10 verbose stack     at EventEmitter.<anonymous> (/usr/local/lib/node_modules/npm/lib/utils/lifecycle.js:212:16)
10 verbose stack     at EventEmitter.emit (events.js:98:17)
10 verbose stack     at ChildProcess.<anonymous> (/usr/local/lib/node_modules/npm/lib/utils/spawn.js:14:12)
10 verbose stack     at ChildProcess.emit (events.js:98:17)
10 verbose stack     at maybeClose (child_process.js:756:16)
10 verbose stack     at Process.ChildProcess._handle.onexit (child_process.js:823:5)
11 verbose pkgid kanzan.io@0.0.1
12 verbose cwd /Users/philha/Projects/weave/kanzan.io/coming-soon
13 error Darwin 13.4.0
14 error argv "node" "/usr/local/bin/npm" "run" "deploy"
15 error node v0.10.33
16 error npm  v2.1.11
17 error code ELIFECYCLE
18 error kanzan.io@0.0.1 deploy: `(cd .. && git subtree push --prefix coming-soon/dist origin gh-pages)`
18 error Exit status 1
19 error Failed at the kanzan.io@0.0.1 deploy script '(cd .. && git subtree push --prefix coming-soon/dist origin gh-pages)'.
19 error This is most likely a problem with the kanzan.io package,
19 error not with npm itself.
19 error Tell the author that this fails on your system:
19 error     (cd .. && git subtree push --prefix coming-soon/dist origin gh-pages)
19 error You can get their info via:
19 error     npm owner ls kanzan.io
19 error There is likely additional logging output above.
20 verbose exit [ 1, true ]
